<?xml version="1.0" encoding="UTF-8" ?>
<testsuite tests="22" failures="0" name="com.sg.superhero.AllDaosTest" time="9.7" errors="0" skipped="0">
  <properties>
[...]
</properties>
  <testcase classname="com.sg.superhero.AllDaosTest" name="tesGetAllSuperByOrganization" time="2.827"/>
  <testcase classname="com.sg.superhero.AllDaosTest" name="testDeleteOrganization" time="0.391"/>
  <testcase classname="com.sg.superhero.AllDaosTest" name="testGetsuperPersonById" time="0.301"/>
  <testcase classname="com.sg.superhero.AllDaosTest" name="testUpdateOrganization" time="0.414"/>
  <testcase classname="com.sg.superhero.AllDaosTest" name="testDeleteLocation" time="0.297"/>
  <testcase classname="com.sg.superhero.AllDaosTest" name="getSightingByDate" time="0.491"/>
  <testcase classname="com.sg.superhero.AllDaosTest" name="testUpdateSuperPerson" time="0.356"/>
  <testcase classname="com.sg.superhero.AllDaosTest" name="testUpdateSight" time="0.299"/>
  <testcase classname="com.sg.superhero.AllDaosTest" name="testAddGetLocation" time="0.312"/>
  <testcase classname="com.sg.superhero.AllDaosTest" name="testGetOrganizationById" time="0.419"/>
  <testcase classname="com.sg.superhero.AllDaosTest" name="testGetsightingById" time="0.542"/>
  <testcase classname="com.sg.superhero.AllDaosTest" name="testaddgetOrganization" time="0.35"/>
  <testcase classname="com.sg.superhero.AllDaosTest" name="testTetallSuperPerson" time="0.298"/>
  <testcase classname="com.sg.superhero.AllDaosTest" name="testDeletSuperPerson" time="0.24"/>
  <testcase classname="com.sg.superhero.AllDaosTest" name="testGetallSighting" time="0.347"/>
  <testcase classname="com.sg.superhero.AllDaosTest" name="testaddsighting" time="0.229"/>
  <testcase classname="com.sg.superhero.AllDaosTest" name="testDeleteSighting" time="0.42"/>
  <testcase classname="com.sg.superhero.AllDaosTest" name="testGetLocationById" time="0.205"/>
  <testcase classname="com.sg.superhero.AllDaosTest" name="testUpdateLocation" time="0.169"/>
  <testcase classname="com.sg.superhero.AllDaosTest" name="testAddGetSuperPerson" time="0.217"/>
  <testcase classname="com.sg.superhero.AllDaosTest" name="testGetAllsuperPersonByLocation" time="0.222"/>
  <testcase classname="com.sg.superhero.AllDaosTest" name="TestGetAllLocation" time="0.354"/>
</testsuite>